2024-06-19 17:53:49,771 - INFO - server start round 1
2024-06-19 17:53:53,249 - INFO - Start training round 1 ...
2024-06-19 17:54:57,105 - INFO - server end round 1
2024-06-19 17:54:57,118 - INFO - start aggregate ...
2024-06-19 17:54:57,249 - INFO - end aggregate!
2024-06-19 17:55:07,251 - INFO - server start round 2
2024-06-19 17:55:16,165 - INFO - Start training round 2 ...
2024-06-19 17:56:07,402 - INFO - server end round 2
2024-06-19 17:56:07,409 - INFO - start aggregate ...
2024-06-19 17:56:07,534 - INFO - end aggregate!
2024-06-19 17:56:17,535 - INFO - server start round 3
2024-06-19 17:56:25,661 - INFO - Start training round 3 ...
2024-06-19 17:57:16,255 - INFO - server end round 3
2024-06-19 17:57:16,265 - INFO - start aggregate ...
2024-06-19 17:57:16,374 - INFO - end aggregate!
2024-06-19 17:57:16,375 - INFO - Stop all!
2024-06-19 18:10:18,496 - INFO - server start round 1
2024-06-19 18:10:21,945 - INFO - Start training round 1 ...
2024-06-19 18:11:18,851 - INFO - server end round 1
2024-06-19 18:11:18,864 - INFO - start aggregate ...
2024-06-19 18:11:18,990 - INFO - end aggregate!
2024-06-19 18:11:28,993 - INFO - server start round 2
2024-06-19 18:11:37,634 - INFO - Start training round 2 ...
2024-06-19 18:55:20,144 - INFO - server start round 1
2024-06-19 18:55:23,860 - INFO - Start training round 1 ...
2024-06-19 18:58:18,957 - INFO - server start round 1
2024-06-19 18:58:22,762 - INFO - Start training round 1 ...
2024-06-19 18:59:14,146 - INFO - server end round 1
2024-06-19 18:59:14,158 - INFO - start aggregate ...
2024-06-19 19:07:14,593 - INFO - server start round 1
2024-06-19 19:07:18,270 - INFO - Start training round 1 ...
2024-06-19 19:08:05,909 - INFO - server end round 1
2024-06-19 19:08:05,920 - INFO - start aggregate ...
2024-06-19 19:14:03,287 - INFO - server start round 1
2024-06-19 19:14:06,881 - INFO - Start training round 1 ...
2024-06-19 19:14:53,655 - INFO - server end round 1
2024-06-19 19:14:53,660 - INFO - start aggregate ...
2024-06-19 19:19:29,973 - INFO - server start round 1
2024-06-19 19:19:33,844 - INFO - Start training round 1 ...
2024-06-19 19:20:40,299 - INFO - server end round 1
2024-06-19 19:20:40,308 - INFO - start aggregate ...
2024-06-19 19:25:18,507 - INFO - server start round 1
2024-06-19 19:25:21,873 - INFO - Start training round 1 ...
2024-06-19 19:26:15,825 - INFO - server end round 1
2024-06-19 19:26:15,829 - INFO - start aggregate ...
2024-06-19 19:28:55,089 - INFO - server start round 1
2024-06-19 19:28:58,420 - INFO - Start training round 1 ...
2024-06-19 19:30:22,408 - INFO - server end round 1
2024-06-19 19:30:22,412 - INFO - start aggregate ...
2024-06-19 19:33:08,669 - INFO - server start round 1
2024-06-19 19:33:11,983 - INFO - Start training round 1 ...
2024-06-19 19:34:02,958 - INFO - server end round 1
2024-06-19 19:34:02,968 - INFO - start aggregate ...
2024-06-19 19:34:03,099 - INFO - end aggregate!
2024-06-19 19:34:13,100 - INFO - server start round 2
2024-06-19 19:34:26,950 - INFO - Start training round 2 ...
