2024-06-15 15:58:01,715 - INFO - server start round 1
2024-06-15 15:59:22,213 - INFO - server start round 1
2024-06-15 16:31:33,238 - INFO - server start round 1
2024-06-15 16:38:52,624 - INFO - server start round 1
2024-06-15 16:38:52,752 - INFO - Start training round 1 ...
2024-06-15 17:04:21,600 - INFO - server start round 1
2024-06-15 17:04:21,695 - INFO - Start training round 1 ...
2024-06-15 17:07:48,082 - INFO - server start round 1
2024-06-15 17:07:48,209 - INFO - Start training round 1 ...
2024-06-15 17:12:31,815 - INFO - server start round 1
2024-06-15 17:12:31,908 - INFO - Start training round 1 ...
2024-06-15 17:42:32,897 - INFO - server start round 1
2024-06-15 17:42:33,056 - INFO - Start training round 1 ...
2024-06-15 17:45:40,262 - INFO - server start round 1
2024-06-15 17:45:40,348 - INFO - Start training round 1 ...
2024-06-15 17:46:48,693 - INFO - server start round 1
2024-06-15 17:46:48,790 - INFO - Start training round 1 ...
2024-06-15 17:46:58,732 - INFO - server end round 1
2024-06-15 17:46:58,733 - INFO - start aggregate ...
2024-06-15 17:46:58,840 - INFO - end aggregate!
2024-06-15 17:47:08,842 - INFO - server start round 2
2024-06-15 17:47:09,069 - INFO - Start training round 2 ...
2024-06-15 17:48:16,461 - INFO - server start round 1
2024-06-15 17:48:16,546 - INFO - Start training round 1 ...
2024-06-15 17:48:26,634 - INFO - server end round 1
2024-06-15 17:48:26,635 - INFO - start aggregate ...
2024-06-15 17:48:26,745 - INFO - end aggregate!
2024-06-15 17:48:36,759 - INFO - server start round 2
2024-06-15 17:48:36,984 - INFO - Start training round 2 ...
2024-06-15 17:48:46,950 - INFO - server end round 2
2024-06-15 17:48:46,951 - INFO - start aggregate ...
2024-06-15 17:48:47,060 - INFO - end aggregate!
2024-06-15 17:48:57,070 - INFO - server start round 3
2024-06-15 17:48:57,276 - INFO - Start training round 3 ...
2024-06-15 17:49:07,200 - INFO - server end round 3
2024-06-15 17:49:07,200 - INFO - start aggregate ...
2024-06-15 17:49:07,332 - INFO - end aggregate!
2024-06-15 17:49:07,335 - INFO - Stop all!
2024-06-15 17:52:27,277 - INFO - server start round 1
2024-06-15 17:52:27,391 - INFO - Start training round 1 ...
2024-06-15 17:53:03,133 - INFO - server start round 1
2024-06-15 17:53:03,232 - INFO - Start training round 1 ...
2024-06-15 17:53:13,289 - INFO - server end round 1
2024-06-15 17:53:13,289 - INFO - start aggregate ...
2024-06-15 17:53:13,408 - INFO - end aggregate!
2024-06-15 17:53:23,412 - INFO - server start round 2
2024-06-15 17:53:23,609 - INFO - Start training round 2 ...
2024-06-15 17:53:33,490 - INFO - server end round 2
2024-06-15 17:53:33,491 - INFO - start aggregate ...
2024-06-15 17:53:33,598 - INFO - end aggregate!
2024-06-15 17:53:43,610 - INFO - server start round 3
2024-06-15 17:53:43,832 - INFO - Start training round 3 ...
2024-06-15 17:53:53,712 - INFO - server end round 3
2024-06-15 17:53:53,712 - INFO - start aggregate ...
2024-06-15 17:53:53,819 - INFO - end aggregate!
2024-06-15 17:53:53,822 - INFO - Stop all!
2024-06-15 17:57:06,412 - INFO - server start round 1
2024-06-15 17:57:06,500 - INFO - Start training round 1 ...
2024-06-15 17:57:16,571 - INFO - server end round 1
2024-06-15 17:57:16,573 - INFO - start aggregate ...
2024-06-15 17:57:16,675 - INFO - end aggregate!
2024-06-15 17:57:26,684 - INFO - server start round 2
2024-06-15 17:57:26,920 - INFO - Start training round 2 ...
2024-06-15 18:21:57,435 - INFO - server start round 1
2024-06-15 18:21:59,625 - INFO - Start training round 1 ...
2024-06-15 18:22:43,696 - INFO - server end round 1
2024-06-15 18:22:43,697 - INFO - start aggregate ...
2024-06-15 18:22:43,813 - INFO - end aggregate!
2024-06-15 18:22:53,818 - INFO - server start round 2
2024-06-15 18:22:58,491 - INFO - Start training round 2 ...
2024-06-15 18:23:45,168 - INFO - server end round 2
2024-06-15 18:23:45,169 - INFO - start aggregate ...
2024-06-15 18:23:45,291 - INFO - end aggregate!
2024-06-15 18:23:55,292 - INFO - server start round 3
2024-06-15 18:24:02,186 - INFO - Start training round 3 ...
2024-06-15 18:24:47,014 - INFO - server end round 3
2024-06-15 18:24:47,014 - INFO - start aggregate ...
2024-06-15 18:24:47,145 - INFO - end aggregate!
2024-06-15 18:24:47,146 - INFO - Stop all!
2024-06-15 19:08:58,752 - INFO - server start round 1
2024-06-15 19:09:00,508 - INFO - Start training round 1 ...
2024-06-15 19:09:37,955 - INFO - server end round 1
2024-06-15 19:12:10,248 - INFO - server start round 1
2024-06-15 19:12:12,343 - INFO - Start training round 1 ...
2024-06-15 19:12:55,338 - INFO - server end round 1
2024-06-15 19:18:41,221 - INFO - server start round 1
2024-06-15 19:18:42,863 - INFO - Start training round 1 ...
2024-06-15 19:19:29,334 - INFO - server end round 1
2024-06-15 19:19:29,335 - INFO - start aggregate ...
2024-06-15 19:19:29,468 - INFO - end aggregate!
2024-06-15 19:19:39,471 - INFO - server start round 2
2024-06-15 19:19:48,049 - INFO - Start training round 2 ...
2024-06-15 19:20:30,689 - INFO - server end round 2
2024-06-15 19:20:30,690 - INFO - start aggregate ...
2024-06-15 19:20:30,816 - INFO - end aggregate!
2024-06-15 19:20:40,817 - INFO - server start round 3
2024-06-15 19:20:46,067 - INFO - Start training round 3 ...
2024-06-15 19:21:32,359 - INFO - server end round 3
2024-06-15 19:21:32,361 - INFO - start aggregate ...
2024-06-15 19:21:32,478 - INFO - end aggregate!
2024-06-15 19:21:32,478 - INFO - Stop all!
2024-06-15 21:34:45,874 - INFO - server start round 1
2024-06-15 21:34:57,538 - INFO - Start training round 1 ...
2024-06-15 21:37:14,391 - INFO - server end round 1
2024-06-15 21:52:50,348 - INFO - server start round 1
2024-06-15 21:52:53,714 - INFO - Start training round 1 ...
2024-06-15 21:54:15,932 - INFO - server end round 1
2024-06-15 21:54:15,938 - INFO - start aggregate ...
2024-06-15 21:54:16,056 - INFO - end aggregate!
2024-06-15 21:54:26,061 - INFO - server start round 2
2024-06-15 21:54:39,862 - INFO - Start training round 2 ...
2024-06-15 21:55:40,311 - INFO - server end round 2
2024-06-15 21:55:40,320 - INFO - start aggregate ...
2024-06-15 21:55:40,434 - INFO - end aggregate!
2024-06-15 21:55:50,436 - INFO - server start round 3
2024-06-15 21:55:58,434 - INFO - Start training round 3 ...
2024-06-15 21:56:57,619 - INFO - server end round 3
2024-06-15 21:56:57,625 - INFO - start aggregate ...
2024-06-15 21:56:57,747 - INFO - end aggregate!
2024-06-15 21:56:57,747 - INFO - Stop all!
