2024-06-20 19:40:29,830 - INFO - server start round 1
2024-06-20 19:40:33,766 - INFO - Start training round 1 ...
2024-06-20 19:41:43,011 - INFO - server end round 1
2024-06-20 19:41:43,014 - INFO - start aggregate ...
2024-06-20 19:41:43,171 - INFO - end aggregate!
2024-06-20 19:41:53,176 - INFO - server start round 2
2024-06-20 20:13:49,611 - INFO - server start round 1
2024-06-20 20:13:52,784 - INFO - Start training round 1 ...
2024-06-20 20:14:33,762 - INFO - server end round 1
2024-06-20 20:14:33,766 - INFO - start aggregate ...
2024-06-20 20:14:33,907 - INFO - end aggregate!
2024-06-20 20:14:43,912 - INFO - server start round 2
2024-06-20 20:14:50,212 - INFO - Start training round 2 ...
2024-06-20 20:16:33,452 - INFO - server start round 1
2024-06-20 20:16:36,406 - INFO - Start training round 1 ...
2024-06-20 20:17:28,655 - INFO - server end round 1
2024-06-20 20:17:28,656 - INFO - start aggregate ...
2024-06-20 20:17:28,802 - INFO - end aggregate!
2024-06-20 20:17:38,808 - INFO - server start round 2
2024-06-20 20:17:44,409 - INFO - Start training round 2 ...
2024-06-20 20:18:33,157 - INFO - server end round 2
2024-06-20 20:18:33,159 - INFO - start aggregate ...
2024-06-20 20:18:33,306 - INFO - end aggregate!
2024-06-20 20:18:43,308 - INFO - server start round 3
2024-06-20 20:18:49,549 - INFO - Start training round 3 ...
2024-06-20 20:19:51,560 - INFO - server end round 3
2024-06-20 20:19:51,563 - INFO - start aggregate ...
2024-06-20 20:19:51,700 - INFO - end aggregate!
2024-06-20 20:19:51,701 - INFO - Stop all!
2024-06-20 20:33:27,700 - INFO - server start round 1
2024-06-20 20:33:30,520 - INFO - Start training round 1 ...
2024-06-20 20:34:14,869 - INFO - server end round 1
2024-06-20 20:34:14,871 - INFO - start aggregate ...
2024-06-20 20:40:06,934 - INFO - server start round 1
2024-06-20 20:40:09,992 - INFO - Start training round 1 ...
2024-06-20 20:40:50,100 - INFO - server end round 1
2024-06-20 20:40:50,102 - INFO - start aggregate ...
2024-06-20 20:58:11,947 - INFO - server start round 1
2024-06-20 20:58:28,889 - INFO - Start training round 1 ...
2024-06-20 21:04:57,643 - INFO - server end round 1
2024-06-20 21:04:57,647 - INFO - start aggregate ...
